<?xml version="1.0" encoding="UTF-8"?>
<!-- Generated by org.testng.reporters.JUnitXMLReporter -->
<testsuite ignored="1" hostname="ANKIT-SYS" failures="3" tests="3" name="Test" time="2.122" errors="0" timestamp="31 Mar 2025 03:25:02 GMT">
  <testcase classname="testCases.SuggessionClassExampleTC" name="SuggessionClassExample" time="0.071">
    <failure type="java.lang.NullPointerException" message="Cannot invoke &amp;quot;org.openqa.selenium.WebDriver.manage()&amp;quot; because &amp;quot;base.Base.driver&amp;quot; is null">
      <![CDATA[java.lang.NullPointerException: Cannot invoke "org.openqa.selenium.WebDriver.manage()" because "base.Base.driver" is null
at base.Base.implicitWaitMethod(Base.java:39)
at testCases.SuggessionClassExampleTC.SuggessionClassExample(SuggessionClassExampleTC.java:20)
... Removed 25 stack frames]]>
    </failure>
  </testcase> <!-- SuggessionClassExample -->
  <testcase classname="testCases.RadioButtonTC" name="radioButtonExample" time="0.003">
    <failure type="java.lang.NullPointerException" message="Cannot invoke &amp;quot;org.openqa.selenium.SearchContext.findElement(org.openqa.selenium.By)&amp;quot; because &amp;quot;this.searchContext&amp;quot; is null">
      <![CDATA[java.lang.NullPointerException: Cannot invoke "org.openqa.selenium.SearchContext.findElement(org.openqa.selenium.By)" because "this.searchContext" is null
at org.openqa.selenium.support.pagefactory.DefaultElementLocator.findElement(DefaultElementLocator.java:68)
at org.openqa.selenium.support.pagefactory.internal.LocatingElementHandler.invoke(LocatingElementHandler.java:38)
at jdk.proxy2/jdk.proxy2.$Proxy12.isDisplayed(Unknown Source)
at testCases.RadioButtonTC.radioButtonExample(RadioButtonTC.java:18)
... Removed 25 stack frames]]>
    </failure>
  </testcase> <!-- radioButtonExample -->
  <testcase classname="testCases.CheckboxExampleTC" name="checkboxExample" time="2.014">
    <failure type="java.lang.NullPointerException" message="Cannot invoke &amp;quot;org.openqa.selenium.SearchContext.findElement(org.openqa.selenium.By)&amp;quot; because &amp;quot;this.searchContext&amp;quot; is null">
      <![CDATA[java.lang.NullPointerException: Cannot invoke "org.openqa.selenium.SearchContext.findElement(org.openqa.selenium.By)" because "this.searchContext" is null
at org.openqa.selenium.support.pagefactory.DefaultElementLocator.findElement(DefaultElementLocator.java:68)
at org.openqa.selenium.support.pagefactory.internal.LocatingElementHandler.invoke(LocatingElementHandler.java:38)
at jdk.proxy2/jdk.proxy2.$Proxy12.isDisplayed(Unknown Source)
at testCases.CheckboxExampleTC.checkboxExample(CheckboxExampleTC.java:20)
... Removed 25 stack frames]]>
    </failure>
  </testcase> <!-- checkboxExample -->
  <testcase classname="testCases.ElementDisplayedExampleTC" name="switchToAlertExample" time="0.0">
    <ignored/>
  </testcase> <!-- switchToAlertExample -->
</testsuite> <!-- Test -->
