<?xml version="1.0" encoding="UTF-8"?>
<!-- Generated by org.testng.reporters.JUnitXMLReporter -->
<testsuite ignored="6" hostname="ANKIT-SYS" failures="0" tests="4" name="Test" time="15.319" errors="0" timestamp="25 Mar 2025 10:38:26 GMT">
  <testcase classname="testCases.RadioButtonTC" name="radioButtonExample" time="0.934"/>
  <testcase classname="testCases.SuggessionClassExampleTC" name="SuggessionClassExample" time="0.89"/>
  <testcase classname="testCases.CheckboxExampleTC" name="checkboxExample" time="2.39"/>
  <testcase classname="testCases.ElementDisplayedExampleTC" name="switchToAlertExample" time="4.43"/>
  <testcase classname="base.Base" name="@BeforeTest openBrowser" time="0.0">
    <ignored/>
  </testcase> <!-- @BeforeTest openBrowser -->
  <testcase classname="base.Base" name="@BeforeTest openBrowser" time="0.0">
    <ignored/>
  </testcase> <!-- @BeforeTest openBrowser -->
  <testcase classname="base.Base" name="@BeforeTest openBrowser" time="0.0">
    <ignored/>
  </testcase> <!-- @BeforeTest openBrowser -->
  <testcase classname="base.Base" name="@AfterTest closeBrowser" time="0.0">
    <ignored/>
  </testcase> <!-- @AfterTest closeBrowser -->
  <testcase classname="base.Base" name="@AfterTest closeBrowser" time="0.0">
    <ignored/>
  </testcase> <!-- @AfterTest closeBrowser -->
  <testcase classname="base.Base" name="@AfterTest closeBrowser" time="0.0">
    <ignored/>
  </testcase> <!-- @AfterTest closeBrowser -->
</testsuite> <!-- Test -->
