<?xml version="1.0" encoding="UTF-8"?>
<testng-results ignored="0" total="1" passed="1" failed="0" skipped="0">
  <reporter-output>
  </reporter-output>
  <suite started-at="2025-03-24T13:51:36Z" name="Default suite" finished-at="2025-03-24T13:51:41Z" duration-ms="4559">
    <groups>
    </groups>
    <test started-at="2025-03-24T13:51:36Z" name="Default test" finished-at="2025-03-24T13:51:41Z" duration-ms="4559">
      <class name="testCases.RadioButtonTC">
        <test-method is-config="true" signature="openBrowser()[pri:0, instance:testCases.RadioButtonTC@2ab4bc72]" started-at="2025-03-24T13:51:36Z" name="openBrowser" finished-at="2025-03-24T13:51:40Z" duration-ms="4344" status="PASS">
          <reporter-output>
          </reporter-output>
        </test-method> <!-- openBrowser -->
        <test-method signature="radioButtonExample()[pri:0, instance:testCases.RadioButtonTC@2ab4bc72]" started-at="2025-03-24T13:51:40Z" name="radioButtonExample" finished-at="2025-03-24T13:51:41Z" duration-ms="186" status="PASS">
          <reporter-output>
          </reporter-output>
        </test-method> <!-- radioButtonExample -->
        <test-method is-config="true" signature="closeBrowser()[pri:0, instance:testCases.RadioButtonTC@2ab4bc72]" started-at="2025-03-24T13:51:41Z" name="closeBrowser" finished-at="2025-03-24T13:51:41Z" duration-ms="1" status="PASS">
          <reporter-output>
          </reporter-output>
        </test-method> <!-- closeBrowser -->
      </class> <!-- testCases.RadioButtonTC -->
    </test> <!-- Default test -->
  </suite> <!-- Default suite -->
</testng-results>
